
> @iagmvps-front-hipotecas/shell@0.0.1 start
> dotenv -e .env.mock npm run webpack -- -- serve


> @iagmvps-front-hipotecas/shell@0.0.1 webpack
> webpack serve

<i> [webpack-dev-server] Project is running at:
<i> [webpack-dev-server] Loopback: http://localhost:3100/
<i> [webpack-dev-server] On Your Network (IPv4): http://10.129.89.16:3100/
<i> [webpack-dev-server] On Your Network (IPv6): http://[fe80::1]:3100/
<i> [webpack-dev-server] Content not from webpack is served from '/Users/usuario/personal/monitorizacion-ia/monitorizacion-ia-front/packages/shell/public' directory
<i> [webpack-dev-server] 404s will fallback to '/'
<i> [webpack-dev-middleware] wait until bundle finished: /monitor?caso_de_uso=hipotecas
assets by path *.js 5.46 MiB
  assets by chunk 3.82 MiB (id hint: vendors)
    asset vendors-node_modules_react-dom_index_js.b89fd1f4f241c0e2db28.js 2.55 MiB [emitted] [immutable] (id hint: vendors)
    asset vendors-node_modules_react-router-dom_dist_index_js.54dbe42f651d3d4756b8.js 614 KiB [emitted] [immutable] (id hint: vendors)
    asset vendors-node_modules_zod_lib_index_mjs.c2014ea63da4f6818805.js 357 KiB [emitted] [immutable] (id hint: vendors)
    asset vendors-node_modules_react_index_js.be5f5404cf0fd2653d1e.js 223 KiB [emitted] [immutable] (id hint: vendors)
    asset vendors-node_modules_react-dom_client_js-node_modules_react_jsx-runtime_js.ae55fee9b0746a3c940f.js 109 KiB [emitted] [immutable] (id hint: vendors)
  + 7 assets
asset index.html 619 bytes [emitted]
asset favicon.ico 451 bytes [emitted] [from: public/favicon.ico] [copied]
runtime modules 44.7 KiB 18 modules
modules by path ./node_modules/ 1.85 MiB 199 modules
modules by path ./src/ 214 KiB
  javascript modules 209 KiB 23 modules
  json modules 4.85 KiB 8 modules
provide-module modules 168 bytes
  provide shared module (default) react-dom@18.2.0 = ./node_modules/react-dom/index.js 42 bytes [built] [code generated]
  provide shared module (default) react-router-dom@6.11.1 = ./node_modules/react-router-dom/dist/index.js 42 bytes [built] [code generated]
  provide shared module (default) react@18.2.0 = ./node_modules/react/index.js 42 bytes [built] [code generated]
  provide shared module (default) zod@3.21.4 = ./node_modules/zod/lib/index.mjs 42 bytes [built] [code generated]
consume-shared-module modules 168 bytes
  consume shared module (default) react@=18.2.0 (singleton) (fallback: ./node_modules/react/index.js) 42 bytes [built] [code generated]
  consume shared module (default) react-dom@=18.2.0 (singleton) (fallback: ./node_modules/react-dom/index.js) 42 bytes [built] [code generated]
  consume shared module (default) zod@=3.21.4 (strict) (fallback: ./node_modules/zod/lib/index.mjs) 42 bytes [built] [code generated]
  consume shared module (default) react-router-dom@=6.11.1 (strict) (fallback: ./node_modules/react-router-dom/dist/index.js) 42 bytes [built] [code generated]
webpack 5.75.0 compiled successfully in 471 ms
assets by status 4.15 MiB [cached] 11 assets
assets by path . 1.32 MiB
  assets by path *.js 1.31 MiB
    assets by chunk 1.22 MiB (name: main)
      asset main.6050f04b297ca4c94008.js 1.21 MiB [emitted] [immutable] (name: main)
      asset main.5e1f0417f82f0d12b21b.hot-update.js 3.37 KiB [emitted] [immutable] [hmr] (name: main)
    asset src_shared_api_MonitorApi_ts.004157e23fb28808f2e7.js 98 KiB [emitted] [immutable]
    asset src_shared_api_MonitorApi_ts.5e1f0417f82f0d12b21b.hot-update.js 475 bytes [emitted] [immutable] [hmr]
  asset index.html 619 bytes [emitted]
  asset main.5e1f0417f82f0d12b21b.hot-update.json 59 bytes [emitted] [immutable] [hmr]
Entrypoint main 1.22 MiB = main.6050f04b297ca4c94008.js 1.21 MiB main.5e1f0417f82f0d12b21b.hot-update.js 3.37 KiB
cached modules 1.87 MiB (javascript) 168 bytes (share-init) 168 bytes (consume-shared) [cached] 225 modules
runtime modules 44.7 KiB 18 modules
modules by layer 190 KiB
  modules by path ./src/features/ 144 KiB
    modules by path ./src/features/monitor/ 87.4 KiB 6 modules
    ./src/features/home/pages/Home.page.tsx 22.9 KiB [built]
    ./src/features/admin/pages/AdminViews.page.tsx 34.1 KiB [built]
  modules by path ./src/shared/ 38 KiB
    code generated modules 2.83 KiB [code generated]
      ./src/shared/config/useCases.ts 2.65 KiB [code generated]
      ./src/shared/config/use_cases.json 184 bytes [built] [code generated]
    ./src/shared/api/MonitorApi.ts 23.8 KiB [built]
    ./src/shared/contracts/monitor.contracts.ts 11.3 KiB [built]
  ./src/router/router.tsx 7.26 KiB [built]
webpack 5.75.0 compiled successfully in 179 ms
assets by status 5.47 MiB [cached] 13 assets
asset index.html 619 bytes [emitted]
cached modules 1.87 MiB (javascript) 168 bytes (share-init) 168 bytes (consume-shared) 44.7 KiB (runtime) [cached] 244 modules
modules by layer 187 KiB
  modules by path ./src/features/ 144 KiB
    modules by path ./src/features/monitor/ 87.4 KiB
      modules by path ./src/features/monitor/components/DashboardDetail/ 17 KiB 3 modules
      ./src/features/monitor/pages/MonitorDashboard.page.tsx 53.5 KiB [built]
      ./src/features/monitor/components/CardsGrid/CardsGrid.tsx 5.86 KiB [built]
      ./src/features/monitor/components/DynamicTable/DynamicTable.tsx 11.1 KiB [built]
    ./src/features/home/pages/Home.page.tsx 22.9 KiB [built]
    ./src/features/admin/pages/AdminViews.page.tsx 34.1 KiB [built]
  modules by path ./src/shared/ 35.3 KiB
    ./src/shared/api/MonitorApi.ts 23.8 KiB [built]
    ./src/shared/contracts/monitor.contracts.ts 11.3 KiB [built]
    ./src/shared/config/use_cases.json 184 bytes [built]
  ./src/router/router.tsx 7.26 KiB [built]
webpack 5.75.0 compiled successfully in 96 ms
assets by status 5.47 MiB [cached] 13 assets
asset index.html 619 bytes [emitted]
cached modules 1.87 MiB (javascript) 168 bytes (share-init) 168 bytes (consume-shared) 44.7 KiB (runtime) [cached] 244 modules
modules by layer 187 KiB
  modules by path ./src/features/ 144 KiB
    modules by path ./src/features/monitor/ 87.4 KiB
      modules by path ./src/features/monitor/components/DashboardDetail/ 17 KiB 3 modules
      ./src/features/monitor/pages/MonitorDashboard.page.tsx 53.5 KiB [built]
      ./src/features/monitor/components/CardsGrid/CardsGrid.tsx 5.86 KiB [built]
      ./src/features/monitor/components/DynamicTable/DynamicTable.tsx 11.1 KiB [built]
    ./src/features/home/pages/Home.page.tsx 22.9 KiB [built]
    ./src/features/admin/pages/AdminViews.page.tsx 34.1 KiB [built]
  modules by path ./src/shared/ 35.3 KiB
    ./src/shared/api/MonitorApi.ts 23.8 KiB [built]
    ./src/shared/contracts/monitor.contracts.ts 11.3 KiB [built]
    ./src/shared/config/use_cases.json 184 bytes [built]
  ./src/router/router.tsx 7.26 KiB [built]
webpack 5.75.0 compiled successfully in 98 ms
assets by status 5.47 MiB [cached] 13 assets
asset index.html 619 bytes [emitted]
cached modules 1.87 MiB (javascript) 168 bytes (share-init) 168 bytes (consume-shared) 44.7 KiB (runtime) [cached] 244 modules
modules by layer 187 KiB
  modules by path ./src/features/ 144 KiB
    modules by path ./src/features/monitor/ 87.4 KiB
      modules by path ./src/features/monitor/components/DashboardDetail/ 17 KiB 3 modules
      ./src/features/monitor/pages/MonitorDashboard.page.tsx 53.5 KiB [built]
      ./src/features/monitor/components/CardsGrid/CardsGrid.tsx 5.86 KiB [built]
      ./src/features/monitor/components/DynamicTable/DynamicTable.tsx 11.1 KiB [built]
    ./src/features/home/pages/Home.page.tsx 22.9 KiB [built]
    ./src/features/admin/pages/AdminViews.page.tsx 34.1 KiB [built]
  modules by path ./src/shared/ 35.3 KiB
    ./src/shared/api/MonitorApi.ts 23.8 KiB [built]
    ./src/shared/contracts/monitor.contracts.ts 11.3 KiB [built]
    ./src/shared/config/use_cases.json 184 bytes [built]
  ./src/router/router.tsx 7.26 KiB [built]
webpack 5.75.0 compiled successfully in 82 ms
